2024-11-13T10:42:04.041+05:30  INFO 7716 --- [Email_Scheduler_Birthday] [restartedMain] c.s.s.EmailSchedulerBirthdayApplication  : Starting EmailSchedulerBirthdayApplication using Java 21.0.4 with PID 7716 (C:\Users\Manish\Documents\workspace-spring-tool-suite-4-4.26.0.RELEASE\Email_Scheduler_Birthday\target\classes started by Manish in C:\Users\Manish\Documents\workspace-spring-tool-suite-4-4.26.0.RELEASE\Email_Scheduler_Birthday)
2024-11-13T10:42:04.051+05:30  INFO 7716 --- [Email_Scheduler_Birthday] [restartedMain] c.s.s.EmailSchedulerBirthdayApplication  : No active profile set, falling back to 1 default profile: "default"
2024-11-13T10:42:04.100+05:30  INFO 7716 --- [Email_Scheduler_Birthday] [restartedMain] .e.DevToolsPropertyDefaultsPostProcessor : Devtools property defaults active! Set 'spring.devtools.add-properties' to 'false' to disable
2024-11-13T10:42:04.100+05:30  INFO 7716 --- [Email_Scheduler_Birthday] [restartedMain] .e.DevToolsPropertyDefaultsPostProcessor : For additional web related logging consider setting the 'logging.level.web' property to 'DEBUG'
2024-11-13T10:42:05.289+05:30  INFO 7716 --- [Email_Scheduler_Birthday] [restartedMain] .s.d.r.c.RepositoryConfigurationDelegate : Bootstrapping Spring Data JPA repositories in DEFAULT mode.
2024-11-13T10:42:05.357+05:30  INFO 7716 --- [Email_Scheduler_Birthday] [restartedMain] .s.d.r.c.RepositoryConfigurationDelegate : Finished Spring Data repository scanning in 57 ms. Found 3 JPA repository interfaces.
2024-11-13T10:42:06.226+05:30  INFO 7716 --- [Email_Scheduler_Birthday] [restartedMain] o.s.b.w.embedded.tomcat.TomcatWebServer  : Tomcat initialized with port 7373 (http)
2024-11-13T10:42:06.240+05:30  INFO 7716 --- [Email_Scheduler_Birthday] [restartedMain] o.apache.catalina.core.StandardService   : Starting service [Tomcat]
2024-11-13T10:42:06.240+05:30  INFO 7716 --- [Email_Scheduler_Birthday] [restartedMain] o.apache.catalina.core.StandardEngine    : Starting Servlet engine: [Apache Tomcat/10.1.31]
2024-11-13T10:42:06.298+05:30  INFO 7716 --- [Email_Scheduler_Birthday] [restartedMain] o.a.c.c.C.[Tomcat].[localhost].[/]       : Initializing Spring embedded WebApplicationContext
2024-11-13T10:42:06.300+05:30  INFO 7716 --- [Email_Scheduler_Birthday] [restartedMain] w.s.c.ServletWebServerApplicationContext : Root WebApplicationContext: initialization completed in 2199 ms
2024-11-13T10:42:06.607+05:30  INFO 7716 --- [Email_Scheduler_Birthday] [restartedMain] o.hibernate.jpa.internal.util.LogHelper  : HHH000204: Processing PersistenceUnitInfo [name: default]
2024-11-13T10:42:06.678+05:30  INFO 7716 --- [Email_Scheduler_Birthday] [restartedMain] org.hibernate.Version                    : HHH000412: Hibernate ORM core version 6.5.3.Final
2024-11-13T10:42:06.718+05:30  INFO 7716 --- [Email_Scheduler_Birthday] [restartedMain] o.h.c.internal.RegionFactoryInitiator    : HHH000026: Second-level cache disabled
2024-11-13T10:42:07.032+05:30  INFO 7716 --- [Email_Scheduler_Birthday] [restartedMain] o.s.o.j.p.SpringPersistenceUnitInfo      : No LoadTimeWeaver setup: ignoring JPA class transformer
2024-11-13T10:42:07.066+05:30  INFO 7716 --- [Email_Scheduler_Birthday] [restartedMain] com.zaxxer.hikari.HikariDataSource       : HikariPool-1 - Starting...
2024-11-13T10:42:07.264+05:30  INFO 7716 --- [Email_Scheduler_Birthday] [restartedMain] com.zaxxer.hikari.pool.HikariPool        : HikariPool-1 - Added connection org.postgresql.jdbc.PgConnection@31b08bc7
2024-11-13T10:42:07.265+05:30  INFO 7716 --- [Email_Scheduler_Birthday] [restartedMain] com.zaxxer.hikari.HikariDataSource       : HikariPool-1 - Start completed.
2024-11-13T10:42:07.321+05:30  WARN 7716 --- [Email_Scheduler_Birthday] [restartedMain] org.hibernate.orm.deprecation            : HHH90000025: PostgreSQLDialect does not need to be specified explicitly using 'hibernate.dialect' (remove the property setting and it will be selected by default)
2024-11-13T10:42:08.275+05:30  INFO 7716 --- [Email_Scheduler_Birthday] [restartedMain] o.h.e.t.j.p.i.JtaPlatformInitiator       : HHH000489: No JTA platform available (set 'hibernate.transaction.jta.platform' to enable JTA platform integration)
2024-11-13T10:42:08.375+05:30  INFO 7716 --- [Email_Scheduler_Birthday] [restartedMain] j.LocalContainerEntityManagerFactoryBean : Initialized JPA EntityManagerFactory for persistence unit 'default'
2024-11-13T10:42:08.684+05:30  INFO 7716 --- [Email_Scheduler_Birthday] [restartedMain] o.s.d.j.r.query.QueryEnhancerFactory     : Hibernate is in classpath; If applicable, HQL parser will be used.
2024-11-13T10:42:08.804+05:30  WARN 7716 --- [Email_Scheduler_Birthday] [restartedMain] JpaBaseConfiguration$JpaWebConfiguration : spring.jpa.open-in-view is enabled by default. Therefore, database queries may be performed during view rendering. Explicitly configure spring.jpa.open-in-view to disable this warning
2024-11-13T10:42:09.635+05:30  INFO 7716 --- [Email_Scheduler_Birthday] [restartedMain] o.s.b.d.a.OptionalLiveReloadServer       : LiveReload server is running on port 35729
2024-11-13T10:42:09.647+05:30  INFO 7716 --- [Email_Scheduler_Birthday] [restartedMain] o.s.b.a.e.web.EndpointLinksResolver      : Exposing 4 endpoints beneath base path '/actuator'
2024-11-13T10:42:09.729+05:30  INFO 7716 --- [Email_Scheduler_Birthday] [restartedMain] o.s.b.w.embedded.tomcat.TomcatWebServer  : Tomcat started on port 7373 (http) with context path '/'
2024-11-13T10:42:09.746+05:30  INFO 7716 --- [Email_Scheduler_Birthday] [restartedMain] c.s.s.EmailSchedulerBirthdayApplication  : Started EmailSchedulerBirthdayApplication in 6.084 seconds (process running for 6.921)
2024-11-13T10:42:10.363+05:30  INFO 7716 --- [Email_Scheduler_Birthday] [RMI TCP Connection(10)-127.0.0.1] o.a.c.c.C.[Tomcat].[localhost].[/]       : Initializing Spring DispatcherServlet 'dispatcherServlet'
2024-11-13T10:42:10.363+05:30  INFO 7716 --- [Email_Scheduler_Birthday] [RMI TCP Connection(10)-127.0.0.1] o.s.web.servlet.DispatcherServlet        : Initializing Servlet 'dispatcherServlet'
2024-11-13T10:42:10.365+05:30  INFO 7716 --- [Email_Scheduler_Birthday] [RMI TCP Connection(10)-127.0.0.1] o.s.web.servlet.DispatcherServlet        : Completed initialization in 1 ms
2024-11-13T10:42:15.195+05:30  INFO 7716 --- [Email_Scheduler_Birthday] [http-nio-7373-exec-2] c.spring.scheduler.service.EmailService  : Scheduled task started: Sending birthday emails for 0 employees
2024-11-13T10:42:15.195+05:30  INFO 7716 --- [Email_Scheduler_Birthday] [http-nio-7373-exec-2] c.spring.scheduler.service.EmailService  : Scheduled task completed: All birthday emails sent for the day.
2024-11-13T10:44:23.435+05:30  INFO 7716 --- [Email_Scheduler_Birthday] [http-nio-7373-exec-5] c.spring.scheduler.service.EmailService  : Scheduled task started: Sending birthday emails for 1 employees
2024-11-13T10:44:25.007+05:30  INFO 7716 --- [Email_Scheduler_Birthday] [http-nio-7373-exec-5] c.spring.scheduler.service.EmailService  : Birthday email successfully sent to itsmemanish0102@gmail.com (ID: 109)
2024-11-13T10:44:25.008+05:30  INFO 7716 --- [Email_Scheduler_Birthday] [http-nio-7373-exec-5] c.spring.scheduler.service.EmailService  : Scheduled task completed: All birthday emails sent for the day.
